Build started at 2024-08-31T19:22:26.497142
Main binary: /usr/bin/python
Build Options: 
Python system: Linux
The Meson build system
Version: 1.5.1
Source dir: /home/daniel/mis_repos/somebar
Build dir: /home/daniel/mis_repos/somebar/build
Build type: native build
Project name: somebar
Project version: 0.1.0
-----------
Detecting compiler via: `cc --version` -> 0
stdout:
cc (GCC) 14.2.1 20240805
Copyright (C) 2024 Free Software Foundation, Inc.
This is free software; see the source for copying conditions.  There is NO
warranty; not even for MERCHANTABILITY or FITNESS FOR A PARTICULAR PURPOSE.
-----------
Running command: -cpp -x c -E -dM -
-----
-----------
Detecting linker via: `cc -Wl,--version` -> 0
stdout:
GNU ld (GNU Binutils) 2.43.0
Copyright (C) 2024 Free Software Foundation, Inc.
This program is free software; you may redistribute it under the terms of
the GNU General Public License version 3 or (at your option) a later version.
This program has absolutely no warranty.
-----------
stderr:
collect2 version 14.2.1 20240805
/usr/bin/ld -plugin /usr/lib/gcc/x86_64-pc-linux-gnu/14.2.1/liblto_plugin.so -plugin-opt=/usr/lib/gcc/x86_64-pc-linux-gnu/14.2.1/lto-wrapper -plugin-opt=-fresolution=/tmp/cc4oNlcM.res -plugin-opt=-pass-through=-lgcc -plugin-opt=-pass-through=-lgcc_s -plugin-opt=-pass-through=-lc -plugin-opt=-pass-through=-lgcc -plugin-opt=-pass-through=-lgcc_s --build-id --eh-frame-hdr --hash-style=gnu -m elf_x86_64 -dynamic-linker /lib64/ld-linux-x86-64.so.2 -pie /usr/lib/gcc/x86_64-pc-linux-gnu/14.2.1/../../../../lib/Scrt1.o /usr/lib/gcc/x86_64-pc-linux-gnu/14.2.1/../../../../lib/crti.o /usr/lib/gcc/x86_64-pc-linux-gnu/14.2.1/crtbeginS.o -L/usr/lib/gcc/x86_64-pc-linux-gnu/14.2.1 -L/usr/lib/gcc/x86_64-pc-linux-gnu/14.2.1/../../../../lib -L/lib/../lib -L/usr/lib/../lib -L/usr/lib/gcc/x86_64-pc-linux-gnu/14.2.1/../../.. --version -lgcc --push-state --as-needed -lgcc_s --pop-state -lc -lgcc --push-state --as-needed -lgcc_s --pop-state /usr/lib/gcc/x86_64-pc-linux-gnu/14.2.1/crtendS.o /usr/lib/gcc/x86_64-pc-linux-gnu/14.2.1/../../../../lib/crtn.o
-----------
Sanity testing C compiler: cc
Is cross compiler: False.
Sanity check compiler command line: cc sanitycheckc.c -o sanitycheckc.exe -D_FILE_OFFSET_BITS=64
Sanity check compile stdout:

-----
Sanity check compile stderr:

-----
Running test binary command:  /home/daniel/mis_repos/somebar/build/meson-private/sanitycheckc.exe
C compiler for the host machine: cc (gcc 14.2.1 "cc (GCC) 14.2.1 20240805")
C linker for the host machine: cc ld.bfd 2.43.0
-----------
Detecting archiver via: `gcc-ar --version` -> 0
stdout:
GNU ar (GNU Binutils) 2.43.0
Copyright (C) 2024 Free Software Foundation, Inc.
This program is free software; you may redistribute it under the terms of
the GNU General Public License version 3 or (at your option) any later version.
This program has absolutely no warranty.
-----------
-----------
Detecting compiler via: `c++ --version` -> 0
stdout:
c++ (GCC) 14.2.1 20240805
Copyright (C) 2024 Free Software Foundation, Inc.
This is free software; see the source for copying conditions.  There is NO
warranty; not even for MERCHANTABILITY or FITNESS FOR A PARTICULAR PURPOSE.
-----------
Running command: -cpp -x c++ -E -dM -
-----
-----------
Detecting linker via: `c++ -Wl,--version` -> 0
stdout:
GNU ld (GNU Binutils) 2.43.0
Copyright (C) 2024 Free Software Foundation, Inc.
This program is free software; you may redistribute it under the terms of
the GNU General Public License version 3 or (at your option) a later version.
This program has absolutely no warranty.
-----------
stderr:
collect2 version 14.2.1 20240805
/usr/bin/ld -plugin /usr/lib/gcc/x86_64-pc-linux-gnu/14.2.1/liblto_plugin.so -plugin-opt=/usr/lib/gcc/x86_64-pc-linux-gnu/14.2.1/lto-wrapper -plugin-opt=-fresolution=/tmp/ccZsbHRS.res -plugin-opt=-pass-through=-lgcc_s -plugin-opt=-pass-through=-lgcc -plugin-opt=-pass-through=-lc -plugin-opt=-pass-through=-lgcc_s -plugin-opt=-pass-through=-lgcc --build-id --eh-frame-hdr --hash-style=gnu -m elf_x86_64 -dynamic-linker /lib64/ld-linux-x86-64.so.2 -pie /usr/lib/gcc/x86_64-pc-linux-gnu/14.2.1/../../../../lib/Scrt1.o /usr/lib/gcc/x86_64-pc-linux-gnu/14.2.1/../../../../lib/crti.o /usr/lib/gcc/x86_64-pc-linux-gnu/14.2.1/crtbeginS.o -L/usr/lib/gcc/x86_64-pc-linux-gnu/14.2.1 -L/usr/lib/gcc/x86_64-pc-linux-gnu/14.2.1/../../../../lib -L/lib/../lib -L/usr/lib/../lib -L/usr/lib/gcc/x86_64-pc-linux-gnu/14.2.1/../../.. --version -lstdc++ -lm -lgcc_s -lgcc -lc -lgcc_s -lgcc /usr/lib/gcc/x86_64-pc-linux-gnu/14.2.1/crtendS.o /usr/lib/gcc/x86_64-pc-linux-gnu/14.2.1/../../../../lib/crtn.o
-----------
Sanity testing C++ compiler: c++
Is cross compiler: False.
Sanity check compiler command line: c++ sanitycheckcpp.cc -o sanitycheckcpp.exe -Wno-parentheses -D_FILE_OFFSET_BITS=64
Sanity check compile stdout:

-----
Sanity check compile stderr:

-----
Running test binary command:  /home/daniel/mis_repos/somebar/build/meson-private/sanitycheckcpp.exe
C++ compiler for the host machine: c++ (gcc 14.2.1 "c++ (GCC) 14.2.1 20240805")
C++ linker for the host machine: c++ ld.bfd 2.43.0
-----------
Detecting compiler via: `cc --version` -> 0
stdout:
cc (GCC) 14.2.1 20240805
Copyright (C) 2024 Free Software Foundation, Inc.
This is free software; see the source for copying conditions.  There is NO
warranty; not even for MERCHANTABILITY or FITNESS FOR A PARTICULAR PURPOSE.
-----------
Running command: -cpp -x c -E -dM -
-----
-----------
Detecting linker via: `cc -Wl,--version` -> 0
stdout:
GNU ld (GNU Binutils) 2.43.0
Copyright (C) 2024 Free Software Foundation, Inc.
This program is free software; you may redistribute it under the terms of
the GNU General Public License version 3 or (at your option) a later version.
This program has absolutely no warranty.
-----------
stderr:
collect2 version 14.2.1 20240805
/usr/bin/ld -plugin /usr/lib/gcc/x86_64-pc-linux-gnu/14.2.1/liblto_plugin.so -plugin-opt=/usr/lib/gcc/x86_64-pc-linux-gnu/14.2.1/lto-wrapper -plugin-opt=-fresolution=/tmp/ccbso1hL.res -plugin-opt=-pass-through=-lgcc -plugin-opt=-pass-through=-lgcc_s -plugin-opt=-pass-through=-lc -plugin-opt=-pass-through=-lgcc -plugin-opt=-pass-through=-lgcc_s --build-id --eh-frame-hdr --hash-style=gnu -m elf_x86_64 -dynamic-linker /lib64/ld-linux-x86-64.so.2 -pie /usr/lib/gcc/x86_64-pc-linux-gnu/14.2.1/../../../../lib/Scrt1.o /usr/lib/gcc/x86_64-pc-linux-gnu/14.2.1/../../../../lib/crti.o /usr/lib/gcc/x86_64-pc-linux-gnu/14.2.1/crtbeginS.o -L/usr/lib/gcc/x86_64-pc-linux-gnu/14.2.1 -L/usr/lib/gcc/x86_64-pc-linux-gnu/14.2.1/../../../../lib -L/lib/../lib -L/usr/lib/../lib -L/usr/lib/gcc/x86_64-pc-linux-gnu/14.2.1/../../.. --version -lgcc --push-state --as-needed -lgcc_s --pop-state -lc -lgcc --push-state --as-needed -lgcc_s --pop-state /usr/lib/gcc/x86_64-pc-linux-gnu/14.2.1/crtendS.o /usr/lib/gcc/x86_64-pc-linux-gnu/14.2.1/../../../../lib/crtn.o
-----------
Sanity testing C compiler: cc
Is cross compiler: False.
Sanity check compiler command line: cc sanitycheckc.c -o sanitycheckc.exe -D_FILE_OFFSET_BITS=64
Sanity check compile stdout:

-----
Sanity check compile stderr:

-----
Running test binary command:  /home/daniel/mis_repos/somebar/build/meson-private/sanitycheckc.exe
C compiler for the build machine: cc (gcc 14.2.1 "cc (GCC) 14.2.1 20240805")
C linker for the build machine: cc ld.bfd 2.43.0
-----------
Detecting archiver via: `gcc-ar --version` -> 0
stdout:
GNU ar (GNU Binutils) 2.43.0
Copyright (C) 2024 Free Software Foundation, Inc.
This program is free software; you may redistribute it under the terms of
the GNU General Public License version 3 or (at your option) any later version.
This program has absolutely no warranty.
-----------
-----------
Detecting compiler via: `c++ --version` -> 0
stdout:
c++ (GCC) 14.2.1 20240805
Copyright (C) 2024 Free Software Foundation, Inc.
This is free software; see the source for copying conditions.  There is NO
warranty; not even for MERCHANTABILITY or FITNESS FOR A PARTICULAR PURPOSE.
-----------
Running command: -cpp -x c++ -E -dM -
-----
-----------
Detecting linker via: `c++ -Wl,--version` -> 0
stdout:
GNU ld (GNU Binutils) 2.43.0
Copyright (C) 2024 Free Software Foundation, Inc.
This program is free software; you may redistribute it under the terms of
the GNU General Public License version 3 or (at your option) a later version.
This program has absolutely no warranty.
-----------
stderr:
collect2 version 14.2.1 20240805
/usr/bin/ld -plugin /usr/lib/gcc/x86_64-pc-linux-gnu/14.2.1/liblto_plugin.so -plugin-opt=/usr/lib/gcc/x86_64-pc-linux-gnu/14.2.1/lto-wrapper -plugin-opt=-fresolution=/tmp/ccDouYWt.res -plugin-opt=-pass-through=-lgcc_s -plugin-opt=-pass-through=-lgcc -plugin-opt=-pass-through=-lc -plugin-opt=-pass-through=-lgcc_s -plugin-opt=-pass-through=-lgcc --build-id --eh-frame-hdr --hash-style=gnu -m elf_x86_64 -dynamic-linker /lib64/ld-linux-x86-64.so.2 -pie /usr/lib/gcc/x86_64-pc-linux-gnu/14.2.1/../../../../lib/Scrt1.o /usr/lib/gcc/x86_64-pc-linux-gnu/14.2.1/../../../../lib/crti.o /usr/lib/gcc/x86_64-pc-linux-gnu/14.2.1/crtbeginS.o -L/usr/lib/gcc/x86_64-pc-linux-gnu/14.2.1 -L/usr/lib/gcc/x86_64-pc-linux-gnu/14.2.1/../../../../lib -L/lib/../lib -L/usr/lib/../lib -L/usr/lib/gcc/x86_64-pc-linux-gnu/14.2.1/../../.. --version -lstdc++ -lm -lgcc_s -lgcc -lc -lgcc_s -lgcc /usr/lib/gcc/x86_64-pc-linux-gnu/14.2.1/crtendS.o /usr/lib/gcc/x86_64-pc-linux-gnu/14.2.1/../../../../lib/crtn.o
-----------
Sanity testing C++ compiler: c++
Is cross compiler: False.
Sanity check compiler command line: c++ sanitycheckcpp.cc -o sanitycheckcpp.exe -D_FILE_OFFSET_BITS=64
Sanity check compile stdout:

-----
Sanity check compile stderr:

-----
Running test binary command:  /home/daniel/mis_repos/somebar/build/meson-private/sanitycheckcpp.exe
C++ compiler for the build machine: c++ (gcc 14.2.1 "c++ (GCC) 14.2.1 20240805")
C++ linker for the build machine: c++ ld.bfd 2.43.0
Build machine cpu family: x86_64
Build machine cpu: x86_64
Host machine cpu family: x86_64
Host machine cpu: x86_64
Target machine cpu family: x86_64
Target machine cpu: x86_64
Pkg-config binary missing from cross or native file, or env var undefined.
Trying a default Pkg-config fallback at pkg-config
Found pkg-config: YES (/usr/bin/pkg-config) 2.1.1
Determining dependency 'wayland-client' with pkg-config executable '/usr/bin/pkg-config'
env[PKG_CONFIG_PATH]: 
env[PKG_CONFIG]: /usr/bin/pkg-config
-----------
Called: `/usr/bin/pkg-config --modversion wayland-client` -> 0
stdout:
1.23.0
-----------
env[PKG_CONFIG_PATH]: 
env[PKG_CONFIG]: /usr/bin/pkg-config
-----------
Called: `/usr/bin/pkg-config --cflags wayland-client` -> 0
env[PKG_CONFIG_ALLOW_SYSTEM_LIBS]: 1
env[PKG_CONFIG_PATH]: 
env[PKG_CONFIG]: /usr/bin/pkg-config
-----------
Called: `/usr/bin/pkg-config --libs wayland-client` -> 0
stdout:
-L/usr/lib -lwayland-client
-----------
env[PKG_CONFIG_PATH]: 
env[PKG_CONFIG]: /usr/bin/pkg-config
-----------
Called: `/usr/bin/pkg-config --libs wayland-client` -> 0
stdout:
-lwayland-client
-----------
Running compile:
Working directory:  /home/daniel/mis_repos/somebar/build/meson-private/tmpzh2tu5yv
Code:

        #include<stddef.h>
        #include<stdio.h>
        int main(void) {
            printf("%ld\n", (long)(sizeof(void *)));
            return 0;
        }
-----------
Command line: `c++ /home/daniel/mis_repos/somebar/build/meson-private/tmpzh2tu5yv/testfile.cpp -o /home/daniel/mis_repos/somebar/build/meson-private/tmpzh2tu5yv/output.exe -Wno-parentheses -D_FILE_OFFSET_BITS=64 -O0 -fpermissive` -> 0
Program stdout:

8

Program stderr:


Running compile:
Working directory:  /home/daniel/mis_repos/somebar/build/meson-private/tmpumsqumvi
Code:

-----------
Command line: `c++ /home/daniel/mis_repos/somebar/build/meson-private/tmpumsqumvi/testfile.cpp -o /home/daniel/mis_repos/somebar/build/meson-private/tmpumsqumvi/output.obj -c -Wno-parentheses -D_FILE_OFFSET_BITS=64 -O0 -fpermissive --print-search-dirs` -> 0
stdout:
install: /usr/lib/gcc/x86_64-pc-linux-gnu/14.2.1/
programs: =/usr/lib/gcc/x86_64-pc-linux-gnu/14.2.1/:/usr/lib/gcc/x86_64-pc-linux-gnu/14.2.1/:/usr/lib/gcc/x86_64-pc-linux-gnu/:/usr/lib/gcc/x86_64-pc-linux-gnu/14.2.1/:/usr/lib/gcc/x86_64-pc-linux-gnu/:/usr/lib/gcc/x86_64-pc-linux-gnu/14.2.1/../../../../x86_64-pc-linux-gnu/bin/x86_64-pc-linux-gnu/14.2.1/:/usr/lib/gcc/x86_64-pc-linux-gnu/14.2.1/../../../../x86_64-pc-linux-gnu/bin/
libraries: =/usr/lib/gcc/x86_64-pc-linux-gnu/14.2.1/:/usr/lib/gcc/x86_64-pc-linux-gnu/14.2.1/../../../../x86_64-pc-linux-gnu/lib/x86_64-pc-linux-gnu/14.2.1/:/usr/lib/gcc/x86_64-pc-linux-gnu/14.2.1/../../../../x86_64-pc-linux-gnu/lib/../lib/:/usr/lib/gcc/x86_64-pc-linux-gnu/14.2.1/../../../x86_64-pc-linux-gnu/14.2.1/:/usr/lib/gcc/x86_64-pc-linux-gnu/14.2.1/../../../../lib/:/lib/x86_64-pc-linux-gnu/14.2.1/:/lib/../lib/:/usr/lib/x86_64-pc-linux-gnu/14.2.1/:/usr/lib/../lib/:/usr/lib/gcc/x86_64-pc-linux-gnu/14.2.1/../../../../x86_64-pc-linux-gnu/lib/:/usr/lib/gcc/x86_64-pc-linux-gnu/14.2.1/../../../:/lib/:/usr/lib/
-----------
Run-time dependency wayland-client found: YES 1.23.0
Determining dependency 'wayland-cursor' with pkg-config executable '/usr/bin/pkg-config'
env[PKG_CONFIG_PATH]: 
env[PKG_CONFIG]: /usr/bin/pkg-config
-----------
Called: `/usr/bin/pkg-config --modversion wayland-cursor` -> 0
stdout:
1.23.0
-----------
env[PKG_CONFIG_PATH]: 
env[PKG_CONFIG]: /usr/bin/pkg-config
-----------
Called: `/usr/bin/pkg-config --cflags wayland-cursor` -> 0
env[PKG_CONFIG_ALLOW_SYSTEM_LIBS]: 1
env[PKG_CONFIG_PATH]: 
env[PKG_CONFIG]: /usr/bin/pkg-config
-----------
Called: `/usr/bin/pkg-config --libs wayland-cursor` -> 0
stdout:
-L/usr/lib -lwayland-cursor
-----------
env[PKG_CONFIG_PATH]: 
env[PKG_CONFIG]: /usr/bin/pkg-config
-----------
Called: `/usr/bin/pkg-config --libs wayland-cursor` -> 0
stdout:
-lwayland-cursor
-----------
Run-time dependency wayland-cursor found: YES 1.23.0
Determining dependency 'cairo' with pkg-config executable '/usr/bin/pkg-config'
env[PKG_CONFIG_PATH]: 
env[PKG_CONFIG]: /usr/bin/pkg-config
-----------
Called: `/usr/bin/pkg-config --modversion cairo` -> 0
stdout:
1.18.0
-----------
env[PKG_CONFIG_PATH]: 
env[PKG_CONFIG]: /usr/bin/pkg-config
-----------
Called: `/usr/bin/pkg-config --cflags cairo` -> 0
stdout:
-I/usr/include/cairo -I/usr/include/freetype2 -I/usr/include/libpng16 -I/usr/include/harfbuzz -I/usr/include/glib-2.0 -I/usr/lib/glib-2.0/include -I/usr/include/sysprof-6 -pthread -I/usr/include/pixman-1
-----------
env[PKG_CONFIG_ALLOW_SYSTEM_LIBS]: 1
env[PKG_CONFIG_PATH]: 
env[PKG_CONFIG]: /usr/bin/pkg-config
-----------
Called: `/usr/bin/pkg-config --libs cairo` -> 0
stdout:
-L/usr/lib -lcairo
-----------
env[PKG_CONFIG_PATH]: 
env[PKG_CONFIG]: /usr/bin/pkg-config
-----------
Called: `/usr/bin/pkg-config --libs cairo` -> 0
stdout:
-lcairo
-----------
Run-time dependency cairo found: YES 1.18.0
Determining dependency 'pango' with pkg-config executable '/usr/bin/pkg-config'
env[PKG_CONFIG_PATH]: 
env[PKG_CONFIG]: /usr/bin/pkg-config
-----------
Called: `/usr/bin/pkg-config --modversion pango` -> 0
stdout:
1.54.0
-----------
env[PKG_CONFIG_PATH]: 
env[PKG_CONFIG]: /usr/bin/pkg-config
-----------
Called: `/usr/bin/pkg-config --cflags pango` -> 0
stdout:
-I/usr/include/pango-1.0 -I/usr/include/glib-2.0 -I/usr/lib/glib-2.0/include -I/usr/include/harfbuzz -I/usr/include/freetype2 -I/usr/include/libmount -I/usr/include/blkid -I/usr/include/fribidi -I/usr/include/cairo -I/usr/include/libpng16 -I/usr/include/pixman-1 -I/usr/include/sysprof-6 -pthread
-----------
env[PKG_CONFIG_ALLOW_SYSTEM_LIBS]: 1
env[PKG_CONFIG_PATH]: 
env[PKG_CONFIG]: /usr/bin/pkg-config
-----------
Called: `/usr/bin/pkg-config --libs pango` -> 0
stdout:
-L/usr/lib -lpango-1.0 -lgobject-2.0 -lglib-2.0 -lharfbuzz
-----------
env[PKG_CONFIG_PATH]: 
env[PKG_CONFIG]: /usr/bin/pkg-config
-----------
Called: `/usr/bin/pkg-config --libs pango` -> 0
stdout:
-lpango-1.0 -lgobject-2.0 -lglib-2.0 -lharfbuzz
-----------
Run-time dependency pango found: YES 1.54.0
Determining dependency 'pangocairo' with pkg-config executable '/usr/bin/pkg-config'
env[PKG_CONFIG_PATH]: 
env[PKG_CONFIG]: /usr/bin/pkg-config
-----------
Called: `/usr/bin/pkg-config --modversion pangocairo` -> 0
stdout:
1.54.0
-----------
env[PKG_CONFIG_PATH]: 
env[PKG_CONFIG]: /usr/bin/pkg-config
-----------
Called: `/usr/bin/pkg-config --cflags pangocairo` -> 0
stdout:
-I/usr/include/pango-1.0 -I/usr/include/cairo -I/usr/include/glib-2.0 -I/usr/lib/glib-2.0/include -I/usr/include/harfbuzz -I/usr/include/freetype2 -I/usr/include/libpng16 -I/usr/include/pixman-1 -I/usr/include/libmount -I/usr/include/blkid -I/usr/include/fribidi -I/usr/include/sysprof-6 -pthread
-----------
env[PKG_CONFIG_ALLOW_SYSTEM_LIBS]: 1
env[PKG_CONFIG_PATH]: 
env[PKG_CONFIG]: /usr/bin/pkg-config
-----------
Called: `/usr/bin/pkg-config --libs pangocairo` -> 0
stdout:
-L/usr/lib -lpangocairo-1.0 -lpango-1.0 -lgobject-2.0 -lglib-2.0 -lharfbuzz -lcairo
-----------
env[PKG_CONFIG_PATH]: 
env[PKG_CONFIG]: /usr/bin/pkg-config
-----------
Called: `/usr/bin/pkg-config --libs pangocairo` -> 0
stdout:
-lpangocairo-1.0 -lpango-1.0 -lgobject-2.0 -lglib-2.0 -lharfbuzz -lcairo
-----------
Run-time dependency pangocairo found: YES 1.54.0
Program wayland-scanner found: YES (/usr/bin/wayland-scanner)
Determining dependency 'wayland-protocols' with pkg-config executable '/usr/bin/pkg-config'
env[PKG_CONFIG_PATH]: 
env[PKG_CONFIG]: /usr/bin/pkg-config
-----------
Called: `/usr/bin/pkg-config --modversion wayland-protocols` -> 0
stdout:
1.36
-----------
env[PKG_CONFIG_PATH]: 
env[PKG_CONFIG]: /usr/bin/pkg-config
-----------
Called: `/usr/bin/pkg-config --cflags wayland-protocols` -> 0
env[PKG_CONFIG_ALLOW_SYSTEM_LIBS]: 1
env[PKG_CONFIG_PATH]: 
env[PKG_CONFIG]: /usr/bin/pkg-config
-----------
Called: `/usr/bin/pkg-config --libs wayland-protocols` -> 0
env[PKG_CONFIG_PATH]: 
env[PKG_CONFIG]: /usr/bin/pkg-config
-----------
Called: `/usr/bin/pkg-config --libs wayland-protocols` -> 0
Run-time dependency wayland-protocols found: YES 1.36
env[PKG_CONFIG_PATH]: 
env[PKG_CONFIG]: /usr/bin/pkg-config
-----------
Called: `/usr/bin/pkg-config --variable=pkgdatadir wayland-protocols` -> 0
stdout:
//usr/share/wayland-protocols
-----------
Got pkg-config variable pkgdatadir : //usr/share/wayland-protocols
Build targets in project: 1

Found ninja-1.12.1 at /usr/bin/ninja
Running compile:
Working directory:  /home/daniel/mis_repos/somebar/build/meson-private/tmprhv8spld
Code:

        #ifdef __has_include
         #if !__has_include("version")
          #error "Header 'version' could not be found"
         #endif
        #else
         #include <version>
        #endif
-----------
Command line: `c++ /home/daniel/mis_repos/somebar/build/meson-private/tmprhv8spld/testfile.cpp -E -P -Wno-parentheses -D_FILE_OFFSET_BITS=64 -P -O0 -fpermissive` -> 0
Running compile:
Working directory:  /home/daniel/mis_repos/somebar/build/meson-private/tmpeq2ut4ws
Code:

        #include <version>
        int main(void) {
            /* If it's not defined as a macro, try to use as a symbol */
            #ifndef _LIBCPP_VERSION
                _LIBCPP_VERSION;
            #endif
            return 0;
        }
-----------
Command line: `c++ /home/daniel/mis_repos/somebar/build/meson-private/tmpeq2ut4ws/testfile.cpp -o /home/daniel/mis_repos/somebar/build/meson-private/tmpeq2ut4ws/output.obj -c -Wno-parentheses -D_FILE_OFFSET_BITS=64 -O0 -fpermissive` -> 1
stderr:
/home/daniel/mis_repos/somebar/build/meson-private/tmpeq2ut4ws/testfile.cpp: In function 'int main()':
/home/daniel/mis_repos/somebar/build/meson-private/tmpeq2ut4ws/testfile.cpp:6:17: error: '_LIBCPP_VERSION' was not declared in this scope
    6 |                 _LIBCPP_VERSION;
      |                 ^~~~~~~~~~~~~~~
-----------
Running compile:
Working directory:  /home/daniel/mis_repos/somebar/build/meson-private/tmp4be7keoo
Code:

        #include <version>
        using _LIBCPP_VERSION;
        int main(void) { return 0; }
-----------
Command line: `c++ /home/daniel/mis_repos/somebar/build/meson-private/tmp4be7keoo/testfile.cpp -o /home/daniel/mis_repos/somebar/build/meson-private/tmp4be7keoo/output.obj -c -Wno-parentheses -D_FILE_OFFSET_BITS=64 -O0 -fpermissive` -> 1
stderr:
/home/daniel/mis_repos/somebar/build/meson-private/tmp4be7keoo/testfile.cpp:3:15: error: expected nested-name-specifier before '_LIBCPP_VERSION'
    3 |         using _LIBCPP_VERSION;
      |               ^~~~~~~~~~~~~~~
-----------
Running compile:
Working directory:  /tmp/tmph_m_s147
Code:
int i = static_cast<int>(0);
-----------
Command line: `c++ /tmp/tmph_m_s147/testfile.cpp -o /tmp/tmph_m_s147/output.obj -D_FILE_OFFSET_BITS=64 -c -std=c++17` -> 0
Compiler accepts -std=c++17: YES
Using cached compile:
Cached command line:  c++ /home/daniel/mis_repos/somebar/build/meson-private/tmprhv8spld/testfile.cpp -E -P -Wno-parentheses -D_FILE_OFFSET_BITS=64 -P -O0 -fpermissive 

Code:
 
        #ifdef __has_include
         #if !__has_include("version")
          #error "Header 'version' could not be found"
         #endif
        #else
         #include <version>
        #endif
Cached compiler stdout:
 
Cached compiler stderr:
 
Using cached compile:
Cached command line:  c++ /home/daniel/mis_repos/somebar/build/meson-private/tmpeq2ut4ws/testfile.cpp -o /home/daniel/mis_repos/somebar/build/meson-private/tmpeq2ut4ws/output.obj -c -Wno-parentheses -D_FILE_OFFSET_BITS=64 -O0 -fpermissive 

Code:
 
        #include <version>
        int main(void) {
            /* If it's not defined as a macro, try to use as a symbol */
            #ifndef _LIBCPP_VERSION
                _LIBCPP_VERSION;
            #endif
            return 0;
        }
Cached compiler stdout:
 
Cached compiler stderr:
 /home/daniel/mis_repos/somebar/build/meson-private/tmpeq2ut4ws/testfile.cpp: In function 'int main()':
/home/daniel/mis_repos/somebar/build/meson-private/tmpeq2ut4ws/testfile.cpp:6:17: error: '_LIBCPP_VERSION' was not declared in this scope
    6 |                 _LIBCPP_VERSION;
      |                 ^~~~~~~~~~~~~~~

Using cached compile:
Cached command line:  c++ /home/daniel/mis_repos/somebar/build/meson-private/tmp4be7keoo/testfile.cpp -o /home/daniel/mis_repos/somebar/build/meson-private/tmp4be7keoo/output.obj -c -Wno-parentheses -D_FILE_OFFSET_BITS=64 -O0 -fpermissive 

Code:
 
        #include <version>
        using _LIBCPP_VERSION;
        int main(void) { return 0; }
Cached compiler stdout:
 
Cached compiler stderr:
 /home/daniel/mis_repos/somebar/build/meson-private/tmp4be7keoo/testfile.cpp:3:15: error: expected nested-name-specifier before '_LIBCPP_VERSION'
    3 |         using _LIBCPP_VERSION;
      |               ^~~~~~~~~~~~~~~

Using cached compile:
Cached command line:  c++ /home/daniel/mis_repos/somebar/build/meson-private/tmprhv8spld/testfile.cpp -E -P -Wno-parentheses -D_FILE_OFFSET_BITS=64 -P -O0 -fpermissive 

Code:
 
        #ifdef __has_include
         #if !__has_include("version")
          #error "Header 'version' could not be found"
         #endif
        #else
         #include <version>
        #endif
Cached compiler stdout:
 
Cached compiler stderr:
 
Using cached compile:
Cached command line:  c++ /home/daniel/mis_repos/somebar/build/meson-private/tmpeq2ut4ws/testfile.cpp -o /home/daniel/mis_repos/somebar/build/meson-private/tmpeq2ut4ws/output.obj -c -Wno-parentheses -D_FILE_OFFSET_BITS=64 -O0 -fpermissive 

Code:
 
        #include <version>
        int main(void) {
            /* If it's not defined as a macro, try to use as a symbol */
            #ifndef _LIBCPP_VERSION
                _LIBCPP_VERSION;
            #endif
            return 0;
        }
Cached compiler stdout:
 
Cached compiler stderr:
 /home/daniel/mis_repos/somebar/build/meson-private/tmpeq2ut4ws/testfile.cpp: In function 'int main()':
/home/daniel/mis_repos/somebar/build/meson-private/tmpeq2ut4ws/testfile.cpp:6:17: error: '_LIBCPP_VERSION' was not declared in this scope
    6 |                 _LIBCPP_VERSION;
      |                 ^~~~~~~~~~~~~~~

Using cached compile:
Cached command line:  c++ /home/daniel/mis_repos/somebar/build/meson-private/tmp4be7keoo/testfile.cpp -o /home/daniel/mis_repos/somebar/build/meson-private/tmp4be7keoo/output.obj -c -Wno-parentheses -D_FILE_OFFSET_BITS=64 -O0 -fpermissive 

Code:
 
        #include <version>
        using _LIBCPP_VERSION;
        int main(void) { return 0; }
Cached compiler stdout:
 
Cached compiler stderr:
 /home/daniel/mis_repos/somebar/build/meson-private/tmp4be7keoo/testfile.cpp:3:15: error: expected nested-name-specifier before '_LIBCPP_VERSION'
    3 |         using _LIBCPP_VERSION;
      |               ^~~~~~~~~~~~~~~

Running compile:
Working directory:  /home/daniel/mis_repos/somebar/build/meson-private/tmpeogv28c0
Code:

-----------
Command line: `cc /home/daniel/mis_repos/somebar/build/meson-private/tmpeogv28c0/testfile.c -o /home/daniel/mis_repos/somebar/build/meson-private/tmpeogv28c0/output.obj -c -D_FILE_OFFSET_BITS=64 -O0 --print-search-dirs` -> 0
stdout:
install: /usr/lib/gcc/x86_64-pc-linux-gnu/14.2.1/
programs: =/usr/lib/gcc/x86_64-pc-linux-gnu/14.2.1/:/usr/lib/gcc/x86_64-pc-linux-gnu/14.2.1/:/usr/lib/gcc/x86_64-pc-linux-gnu/:/usr/lib/gcc/x86_64-pc-linux-gnu/14.2.1/:/usr/lib/gcc/x86_64-pc-linux-gnu/:/usr/lib/gcc/x86_64-pc-linux-gnu/14.2.1/../../../../x86_64-pc-linux-gnu/bin/x86_64-pc-linux-gnu/14.2.1/:/usr/lib/gcc/x86_64-pc-linux-gnu/14.2.1/../../../../x86_64-pc-linux-gnu/bin/
libraries: =/usr/lib/gcc/x86_64-pc-linux-gnu/14.2.1/:/usr/lib/gcc/x86_64-pc-linux-gnu/14.2.1/../../../../x86_64-pc-linux-gnu/lib/x86_64-pc-linux-gnu/14.2.1/:/usr/lib/gcc/x86_64-pc-linux-gnu/14.2.1/../../../../x86_64-pc-linux-gnu/lib/../lib/:/usr/lib/gcc/x86_64-pc-linux-gnu/14.2.1/../../../x86_64-pc-linux-gnu/14.2.1/:/usr/lib/gcc/x86_64-pc-linux-gnu/14.2.1/../../../../lib/:/lib/x86_64-pc-linux-gnu/14.2.1/:/lib/../lib/:/usr/lib/x86_64-pc-linux-gnu/14.2.1/:/usr/lib/../lib/:/usr/lib/gcc/x86_64-pc-linux-gnu/14.2.1/../../../../x86_64-pc-linux-gnu/lib/:/usr/lib/gcc/x86_64-pc-linux-gnu/14.2.1/../../../:/lib/:/usr/lib/
-----------
